Unity Editor version:    2022.1.0b6 (0c945167f89c)
Branch:                  2022.1/staging
Build type:              Release
Batch mode:              YES
macOS version:           Version 12.1 (Build 21C52)
Darwin version:          21.2.0
Architecture:            x86_64
Running under Rosetta:   NO
Available memory:        65536 MB
Using pre-set license
Pro License: NO

COMMAND LINE ARGUMENTS:
/Applications/Unity/Hub/Editor/2022.1.0b6/Unity.app/Contents/MacOS/Unity
-adb2
-batchMode
-noUpm
-name
AssetImportWorker0
-projectPath
/Users/bryan/Documents/GitHub/TerrainHeightMap
-logFile
Logs/AssetImportWorker0.log
-srvPort
58887
Successfully changed project path to: /Users/bryan/Documents/GitHub/TerrainHeightMap
/Users/bryan/Documents/GitHub/TerrainHeightMap
[UnityMemory] Configuration Parameters - Can be set up in boot.config
    "memorysetup-bucket-allocator-granularity=16"
    "memorysetup-bucket-allocator-bucket-count=8"
    "memorysetup-bucket-allocator-block-size=33554432"
    "memorysetup-bucket-allocator-block-count=8"
    "memorysetup-main-allocator-block-size=16777216"
    "memorysetup-thread-allocator-block-size=16777216"
    "memorysetup-gfx-main-allocator-block-size=16777216"
    "memorysetup-gfx-thread-allocator-block-size=16777216"
    "memorysetup-cache-allocator-block-size=4194304"
    "memorysetup-typetree-allocator-block-size=2097152"
    "memorysetup-profiler-bucket-allocator-granularity=16"
    "memorysetup-profiler-bucket-allocator-bucket-count=8"
    "memorysetup-profiler-bucket-allocator-block-size=33554432"
    "memorysetup-profiler-bucket-allocator-block-count=8"
    "memorysetup-profiler-allocator-block-size=16777216"
    "memorysetup-profiler-editor-allocator-block-size=1048576"
    "memorysetup-temp-allocator-size-main=16777216"
    "memorysetup-job-temp-allocator-block-size=2097152"
    "memorysetup-job-temp-allocator-block-size-background=1048576"
    "memorysetup-job-temp-allocator-reduction-small-platforms=262144"
    "memorysetup-temp-allocator-size-background-worker=32768"
    "memorysetup-temp-allocator-size-job-worker=262144"
    "memorysetup-temp-allocator-size-preload-manager=33554432"
    "memorysetup-temp-allocator-size-nav-mesh-worker=65536"
    "memorysetup-temp-allocator-size-audio-worker=65536"
    "memorysetup-temp-allocator-size-cloud-worker=32768"
    "memorysetup-temp-allocator-size-gi-baking-worker=262144"
    "memorysetup-temp-allocator-size-gfx=262144"
Refreshing native plugins compatible for Editor in 116.43 ms, found 2 plugins.
Preloading 0 native plugins for Editor in 0.00 ms.
Initialize engine version: 2022.1.0b6 (0c945167f89c)
[Subsystems] Discovering subsystems at path /Applications/Unity/Hub/Editor/2022.1.0b6/Unity.app/Contents/Resources/UnitySubsystems
[Subsystems] Discovering subsystems at path /Users/bryan/Documents/GitHub/TerrainHeightMap/Assets
GfxDevice: creating device client; threaded=0; jobified=0
LED Cinema Display preferred device: AMD Radeon Pro 5500M (high power)
Metal devices available: 2
0: AMD Radeon Pro 5500M (high power)
1: Intel(R) UHD Graphics 630 (low power)
Using device AMD Radeon Pro 5500M (high power)
Initializing Metal device caps: AMD Radeon Pro 5500M
Initialize mono
Mono path[0] = '/Applications/Unity/Hub/Editor/2022.1.0b6/Unity.app/Contents/Managed'
Mono path[1] = '/Applications/Unity/Hub/Editor/2022.1.0b6/Unity.app/Contents/MonoBleedingEdge/lib/mono/unityjit-macos'
Mono config path = '/Applications/Unity/Hub/Editor/2022.1.0b6/Unity.app/Contents/MonoBleedingEdge/etc'
Using monoOptions --debugger-agent=transport=dt_socket,embedding=1,server=y,suspend=n,address=127.0.0.1:56954
Begin MonoManager ReloadAssembly
Registering precompiled unity dll's ...
Register platform support module: /Applications/Unity/Hub/Editor/2022.1.0b6/Unity.app/Contents/PlaybackEngines/MacStandaloneSupport/UnityEditor.OSXStandalone.Extensions.dll
Registered in 0.001052 seconds.
Native extension for OSXStandalone target not found
Refreshing native plugins compatible for Editor in 97.50 ms, found 2 plugins.
Preloading 0 native plugins for Editor in 0.00 ms.
Mono: successfully reloaded assembly
- Completed reload, in  0.683 seconds
Domain Reload Profiling:
	ReloadAssembly (684ms)
		BeginReloadAssembly (61ms)
			ExecutionOrderSort (0ms)
			DisableScriptedObjects (0ms)
			BackupInstance (0ms)
			ReleaseScriptingObjects (0ms)
			CreateAndSetChildDomain (1ms)
		EndReloadAssembly (536ms)
			LoadAssemblies (60ms)
			RebuildTransferFunctionScriptingTraits (0ms)
			SetupTypeCache (136ms)
				TypeCache.Initialize (135ms)
					TypeCache.ScanAssembly (134ms)
				ResolveRequiredComponents (0ms)
			ReleaseScriptCaches (0ms)
			RebuildScriptCaches (32ms)
			SetupLoadedEditorAssemblies (315ms)
				LogAssemblyErrors (0ms)
				InitializePlatformSupportModulesInManaged (13ms)
				SetLoadedEditorAssemblies (7ms)
				RefreshPlugins (98ms)
				BeforeProcessingInitializeOnLoad (1ms)
				ProcessInitializeOnLoadAttributes (147ms)
				ProcessInitializeOnLoadMethodAttributes (50ms)
				AfterProcessingInitializeOnLoad (0ms)
				EditorAssembliesLoaded (0ms)
			ExecutionOrderSort2 (0ms)
			AwakeInstancesAfterBackupRestoration (0ms)
Platform modules already initialized, skipping
Registering precompiled user dll's ...
Registered in 0.003048 seconds.
Begin MonoManager ReloadAssembly
Symbol file LoadedFromMemory doesn't match image /Users/bryan/Documents/GitHub/TerrainHeightMap/Library/PackageCache/com.unity.visualscripting@1.7.5/Editor/VisualScripting.Core/Dependencies/YamlDotNet/Unity.VisualScripting.YamlDotNet.dll
Symbol file LoadedFromMemory doesn't match image /Users/bryan/Documents/GitHub/TerrainHeightMap/Library/PackageCache/com.unity.visualscripting@1.7.5/Editor/VisualScripting.Core/Dependencies/DotNetZip/Unity.VisualScripting.IonicZip.dll
Native extension for OSXStandalone target not found
Refreshing native plugins compatible for Editor in 110.45 ms, found 2 plugins.
Preloading 0 native plugins for Editor in 0.00 ms.
Mono: successfully reloaded assembly
- Completed reload, in  1.639 seconds
Domain Reload Profiling:
	ReloadAssembly (1639ms)
		BeginReloadAssembly (108ms)
			ExecutionOrderSort (0ms)
			DisableScriptedObjects (6ms)
			BackupInstance (0ms)
			ReleaseScriptingObjects (0ms)
			CreateAndSetChildDomain (25ms)
		EndReloadAssembly (1418ms)
			LoadAssemblies (66ms)
			RebuildTransferFunctionScriptingTraits (0ms)
			SetupTypeCache (328ms)
				TypeCache.Initialize (315ms)
					TypeCache.ScanAssembly (312ms)
				ResolveRequiredComponents (14ms)
			ReleaseScriptCaches (1ms)
			RebuildScriptCaches (74ms)
			SetupLoadedEditorAssemblies (878ms)
				LogAssemblyErrors (0ms)
				InitializePlatformSupportModulesInManaged (8ms)
				SetLoadedEditorAssemblies (6ms)
				RefreshPlugins (110ms)
				BeforeProcessingInitializeOnLoad (99ms)
				ProcessInitializeOnLoadAttributes (576ms)
				ProcessInitializeOnLoadMethodAttributes (77ms)
				AfterProcessingInitializeOnLoad (2ms)
				EditorAssembliesLoaded (0ms)
			ExecutionOrderSort2 (0ms)
			AwakeInstancesAfterBackupRestoration (4ms)
Platform modules already initialized, skipping
========================================================================
Worker process is ready to serve import requests
Launching external process: /Applications/Unity/Hub/Editor/2022.1.0b6/Unity.app/Contents/Tools/UnityShaderCompiler
Launched and connected shader compiler UnityShaderCompiler after 0.06 seconds
Refreshing native plugins compatible for Editor in 1.17 ms, found 2 plugins.
Preloading 0 native plugins for Editor in 0.00 ms.
Unloading 5097 Unused Serialized files (Serialized files now loaded: 0)
Unloading 53 unused Assets / (1.8 MB). Loaded Objects now: 5553.
Memory consumption went from 0.93 GB to 0.92 GB.
Total: 4.770294 ms (FindLiveObjects: 0.485727 ms CreateObjectMapping: 0.622085 ms MarkObjects: 3.232907 ms  DeleteObjects: 0.428664 ms)

AssetImportParameters requested are different than current active one (requested -> active):
  custom:video-decoder-ogg-theora: a1e56fd34408186e4bbccfd4996cb3dc -> 
  custom:container-muxer-webm: aa71ff27fc2769a1b78a27578f13a17b -> 
  custom:container-demuxer-webm: 4f35f7cbe854078d1ac9338744f61a02 -> 
  custom:video-encoder-webm-vp8: eb34c28f22e8b96e1ab97ce403110664 -> 
  custom:framework-osx-AVFoundation: e770b220cccbd017edd2c1fefb359320 -> 
  custom:audio-encoder-webm-vorbis: bf7c407c2cedff20999df2af8eb42d56 -> 
  custom:container-demuxer-ogg: 62fdf1f143b41e24485cea50d1cbac27 -> 
  custom:video-decoder-webm-vp8: 9c59270c3fd7afecdb556c50c9e8de78 -> 
  custom:audio-decoder-ogg-vorbis: bf7c407c2cedff20999df2af8eb42d56 -> 
========================================================================
Received Import Request.
  Time since last request: 1031900.967218 seconds.
  path: Assets/New Terrain.asset
  artifactKey: Guid(5c62fe2d7534d4af79cbe8436fee29bc) Importer(815301076,1909f56bfc062723c751e8b465ee728b)
Start importing Assets/New Terrain.asset using Guid(5c62fe2d7534d4af79cbe8436fee29bc) Importer(815301076,1909f56bfc062723c751e8b465ee728b)  -> (artifact id: '45a507e92635249f9c668644396bee2f') in 0.114412 seconds 
========================================================================
Received Import Request.
  Time since last request: 47.619865 seconds.
  path: Assets/Terrain/contourSurf2_localAdapt.tif
  artifactKey: Guid(e139e2a3af5254537b2ac282f60d75d0) Importer(815301076,1909f56bfc062723c751e8b465ee728b)
Start importing Assets/Terrain/contourSurf2_localAdapt.tif using Guid(e139e2a3af5254537b2ac282f60d75d0) Importer(815301076,1909f56bfc062723c751e8b465ee728b)  -> (artifact id: '481ff596bfabe63f3394069e728324ab') in 0.210484 seconds 
========================================================================
Received Import Request.
  Time since last request: 219.362240 seconds.
  path: Assets/Terrain/coloredMap.tif
  artifactKey: Guid(96361dce0bb3246f6862ad4c0214d5aa) Importer(815301076,1909f56bfc062723c751e8b465ee728b)
Start importing Assets/Terrain/coloredMap.tif using Guid(96361dce0bb3246f6862ad4c0214d5aa) Importer(815301076,1909f56bfc062723c751e8b465ee728b)  -> (artifact id: '13b53ac0dce7d1d4c5eb7abffc5fb2df') in 0.015533 seconds 
========================================================================
Received Import Request.
  Time since last request: 0.000070 seconds.
  path: Assets/Terrain/dinoTopoColor.tiff
  artifactKey: Guid(309d3fe8e42a949919d7fe8deb96102a) Importer(815301076,1909f56bfc062723c751e8b465ee728b)
Start importing Assets/Terrain/dinoTopoColor.tiff using Guid(309d3fe8e42a949919d7fe8deb96102a) Importer(815301076,1909f56bfc062723c751e8b465ee728b)  -> (artifact id: 'dd503809ff03fc5e3d1dc25c150563fb') in 0.216806 seconds 
========================================================================
Received Import Request.
  Time since last request: 0.000102 seconds.
  path: Assets/Terrain/New Layer Palette.asset
  artifactKey: Guid(2b1dbb1b47a0e433e9c828bca71f4aed) Importer(815301076,1909f56bfc062723c751e8b465ee728b)
Start importing Assets/Terrain/New Layer Palette.asset using Guid(2b1dbb1b47a0e433e9c828bca71f4aed) Importer(815301076,1909f56bfc062723c751e8b465ee728b)  -> (artifact id: '967e10e7114f3f18940b26bdd545c6e7') in 0.004119 seconds 
========================================================================
Received Import Request.
  Time since last request: 0.000103 seconds.
  path: Assets/Terrain/Terrain_0_0_84c6e974-9872-4def-aa52-461bc05aa8e0.asset
  artifactKey: Guid(742157e89d40148d1a273118d3cb4d90) Importer(815301076,1909f56bfc062723c751e8b465ee728b)
Start importing Assets/Terrain/Terrain_0_0_84c6e974-9872-4def-aa52-461bc05aa8e0.asset using Guid(742157e89d40148d1a273118d3cb4d90) Importer(815301076,1909f56bfc062723c751e8b465ee728b)  -> (artifact id: 'da0240b06f9112cd1928a372dc44f5b7') in 0.069993 seconds 
========================================================================
Received Import Request.
  Time since last request: 0.000067 seconds.
  path: Assets/Terrain/Terrain_0_0_3aad0112-ea2e-435a-9147-4dd87b6a5685.asset
  artifactKey: Guid(4c9acc22e1f32437582dbc9e32ffee2e) Importer(815301076,1909f56bfc062723c751e8b465ee728b)
Start importing Assets/Terrain/Terrain_0_0_3aad0112-ea2e-435a-9147-4dd87b6a5685.asset using Guid(4c9acc22e1f32437582dbc9e32ffee2e) Importer(815301076,1909f56bfc062723c751e8b465ee728b)  -> (artifact id: 'f42bab284d688dfa18feddd0ddc270b6') in 0.271651 seconds 
Editor requested this worker to shutdown with reason: Scaling down because of idle timeout
AssetImportWorker is now disconnected from the server
Process exiting
